--------------------------------------------------------------------------
[[28609,1],1]: A high-performance Open MPI point-to-point messaging module
was unable to find any relevant network interfaces:

Module: OpenFabrics (openib)
  Host: gn01

Another transport will be used instead, although this may result in
lower performance.

NOTE: You can disable this warning by setting the MCA parameter
btl_base_warn_component_unused to 0.
--------------------------------------------------------------------------
--------------------------------------------------------------------------
MPI_ABORT was invoked on rank 1 in communicator MPI_COMM_WORLD
with errorcode 1.

NOTE: invoking MPI_ABORT causes Open MPI to kill all MPI processes.
You may or may not see output from other processes, depending on
exactly when Open MPI kills them.
--------------------------------------------------------------------------
[gn01:11719] 1 more process has sent help message help-mpi-btl-base.txt / btl:no-nics
[gn01:11719] Set MCA parameter "orte_base_help_aggregate" to 0 to see all help / error messages
[gn01:11719] 1 more process has sent help message help-mpi-api.txt / mpi-abort
