--------------------------------------------------------------------------
[[28464,1],1]: A high-performance Open MPI point-to-point messaging module
was unable to find any relevant network interfaces:

Module: OpenFabrics (openib)
  Host: gn01

Another transport will be used instead, although this may result in
lower performance.

NOTE: You can disable this warning by setting the MCA parameter
btl_base_warn_component_unused to 0.
--------------------------------------------------------------------------
[gn01:11574] 1 more process has sent help message help-mpi-btl-base.txt / btl:no-nics
[gn01:11574] Set MCA parameter "orte_base_help_aggregate" to 0 to see all help / error messages
Warning: ieee_invalid is signaling
Warning: ieee_divide_by_zero is signaling
Warning: ieee_inexact is signaling
FORTRAN STOP
Warning: ieee_invalid is signaling
Warning: ieee_divide_by_zero is signaling
Warning: ieee_inexact is signaling
FORTRAN STOP
